<?xml version="1.0" encoding="UTF-8"?>
<!-- Generated by org.testng.reporters.JUnitXMLReporter -->
<testsuite ignored="0" hostname="DESKTOP-JJ8PCSV" failures="0" tests="15" name="Test" time="35.938" errors="0" timestamp="2023-03-08T23:51:39 IST">
  <testcase classname="carrentaltests.Pr03Login" name="loginUser1" time="3.884"/>
  <testcase classname="carrentaltests.Pr03Login" name="loginUser2" time="2.966"/>
  <testcase classname="carrentaltests.Pr03Login" name="loginUser3" time="2.755"/>
  <testcase classname="carrentaltests.Pr03Login" name="loginUser4" time="2.838"/>
  <testcase classname="carrentaltests.Pr02NavigationBarCheckWithPOM" name="checkNavigationBarLinks" time="1.942"/>
  <testcase classname="carrentaltests.Pr02NavigationBarCheckWithPOM" name="searchAudi" time="2.311"/>
  <testcase classname="carrentaltests.Pr02NavigationBarCheckWithPOM" name="searchBMW" time="2.501"/>
  <testcase classname="carrentaltests.Pr02NavigationBarCheckWithPOM" name="searchMaruthi" time="2.13"/>
  <testcase classname="carrentaltests.Pr02NavigationBarCheckWithPOM" name="searchNissan" time="2.35"/>
  <testcase classname="carrentaltests.Pr02NavigationBarCheckWithPOM" name="searchToyota" time="2.401"/>
  <testcase classname="carrentaltests.Pr01VerifyPages" name="verifyAboutUsPage" time="2.05"/>
  <testcase classname="carrentaltests.Pr01VerifyPages" name="verifyCarListingPage" time="1.98"/>
  <testcase classname="carrentaltests.Pr01VerifyPages" name="verifyContactUsPage" time="1.998"/>
  <testcase classname="carrentaltests.Pr01VerifyPages" name="verifyFAQsPage" time="1.997"/>
  <testcase classname="carrentaltests.Pr01VerifyPages" name="verifyHomePage" time="1.752"/>
</testsuite> <!-- Test -->
