<?xml version="1.0" encoding="UTF-8"?>
<testng-results ignored="0" total="15" passed="15" failed="0" skipped="0">
  <reporter-output>
  </reporter-output>
  <suite started-at="2023-03-08T23:51:03 IST" name="Suite" finished-at="2023-03-08T23:51:39 IST" duration-ms="35938">
    <groups>
    </groups>
    <test started-at="2023-03-08T23:51:03 IST" name="Test" finished-at="2023-03-08T23:51:39 IST" duration-ms="35938">
      <class name="carrentaltests.Pr02NavigationBarCheckWithPOM">
        <test-method signature="checkNavigationBarLinks()[pri:0, instance:carrentaltests.Pr02NavigationBarCheckWithPOM@436a4e4b]" started-at="2023-03-08T23:51:16 IST" name="checkNavigationBarLinks" finished-at="2023-03-08T23:51:17 IST" duration-ms="1942" status="PASS">
          <reporter-output>
          </reporter-output>
        </test-method> <!-- checkNavigationBarLinks -->
        <test-method signature="searchAudi()[pri:0, instance:carrentaltests.Pr02NavigationBarCheckWithPOM@436a4e4b]" started-at="2023-03-08T23:51:17 IST" name="searchAudi" finished-at="2023-03-08T23:51:20 IST" duration-ms="2311" status="PASS">
          <reporter-output>
          </reporter-output>
        </test-method> <!-- searchAudi -->
        <test-method signature="searchBMW()[pri:0, instance:carrentaltests.Pr02NavigationBarCheckWithPOM@436a4e4b]" started-at="2023-03-08T23:51:20 IST" name="searchBMW" finished-at="2023-03-08T23:51:22 IST" duration-ms="2501" status="PASS">
          <reporter-output>
          </reporter-output>
        </test-method> <!-- searchBMW -->
        <test-method signature="searchMaruthi()[pri:0, instance:carrentaltests.Pr02NavigationBarCheckWithPOM@436a4e4b]" started-at="2023-03-08T23:51:22 IST" name="searchMaruthi" finished-at="2023-03-08T23:51:24 IST" duration-ms="2130" status="PASS">
          <reporter-output>
          </reporter-output>
        </test-method> <!-- searchMaruthi -->
        <test-method signature="searchNissan()[pri:0, instance:carrentaltests.Pr02NavigationBarCheckWithPOM@436a4e4b]" started-at="2023-03-08T23:51:24 IST" name="searchNissan" finished-at="2023-03-08T23:51:27 IST" duration-ms="2350" status="PASS">
          <reporter-output>
          </reporter-output>
        </test-method> <!-- searchNissan -->
        <test-method signature="searchToyota()[pri:0, instance:carrentaltests.Pr02NavigationBarCheckWithPOM@436a4e4b]" started-at="2023-03-08T23:51:27 IST" name="searchToyota" finished-at="2023-03-08T23:51:29 IST" duration-ms="2401" status="PASS">
          <reporter-output>
          </reporter-output>
        </test-method> <!-- searchToyota -->
      </class> <!-- carrentaltests.Pr02NavigationBarCheckWithPOM -->
      <class name="carrentaltests.Pr01VerifyPages">
        <test-method signature="verifyAboutUsPage()[pri:0, instance:carrentaltests.Pr01VerifyPages@f2f2cc1]" started-at="2023-03-08T23:51:29 IST" name="verifyAboutUsPage" finished-at="2023-03-08T23:51:31 IST" duration-ms="2050" status="PASS">
          <reporter-output>
          </reporter-output>
        </test-method> <!-- verifyAboutUsPage -->
        <test-method signature="verifyCarListingPage()[pri:0, instance:carrentaltests.Pr01VerifyPages@f2f2cc1]" started-at="2023-03-08T23:51:31 IST" name="verifyCarListingPage" finished-at="2023-03-08T23:51:33 IST" duration-ms="1980" status="PASS">
          <reporter-output>
          </reporter-output>
        </test-method> <!-- verifyCarListingPage -->
        <test-method signature="verifyContactUsPage()[pri:0, instance:carrentaltests.Pr01VerifyPages@f2f2cc1]" started-at="2023-03-08T23:51:33 IST" name="verifyContactUsPage" finished-at="2023-03-08T23:51:35 IST" duration-ms="1998" status="PASS">
          <reporter-output>
          </reporter-output>
        </test-method> <!-- verifyContactUsPage -->
        <test-method signature="verifyFAQsPage()[pri:0, instance:carrentaltests.Pr01VerifyPages@f2f2cc1]" started-at="2023-03-08T23:51:35 IST" name="verifyFAQsPage" finished-at="2023-03-08T23:51:37 IST" duration-ms="1997" status="PASS">
          <reporter-output>
          </reporter-output>
        </test-method> <!-- verifyFAQsPage -->
        <test-method signature="verifyHomePage()[pri:0, instance:carrentaltests.Pr01VerifyPages@f2f2cc1]" started-at="2023-03-08T23:51:37 IST" name="verifyHomePage" finished-at="2023-03-08T23:51:39 IST" duration-ms="1752" status="PASS">
          <reporter-output>
          </reporter-output>
        </test-method> <!-- verifyHomePage -->
      </class> <!-- carrentaltests.Pr01VerifyPages -->
      <class name="carrentaltests.Pr03Login">
        <test-method signature="loginUser1()[pri:0, instance:carrentaltests.Pr03Login@657c8ad9]" started-at="2023-03-08T23:51:03 IST" name="loginUser1" finished-at="2023-03-08T23:51:07 IST" duration-ms="3884" status="PASS">
          <reporter-output>
          </reporter-output>
        </test-method> <!-- loginUser1 -->
        <test-method signature="loginUser2()[pri:0, instance:carrentaltests.Pr03Login@657c8ad9]" started-at="2023-03-08T23:51:07 IST" name="loginUser2" finished-at="2023-03-08T23:51:10 IST" duration-ms="2966" status="PASS">
          <reporter-output>
          </reporter-output>
        </test-method> <!-- loginUser2 -->
        <test-method signature="loginUser3()[pri:0, instance:carrentaltests.Pr03Login@657c8ad9]" started-at="2023-03-08T23:51:10 IST" name="loginUser3" finished-at="2023-03-08T23:51:13 IST" duration-ms="2755" status="PASS">
          <reporter-output>
          </reporter-output>
        </test-method> <!-- loginUser3 -->
        <test-method signature="loginUser4()[pri:0, instance:carrentaltests.Pr03Login@657c8ad9]" started-at="2023-03-08T23:51:13 IST" name="loginUser4" finished-at="2023-03-08T23:51:16 IST" duration-ms="2838" status="PASS">
          <reporter-output>
          </reporter-output>
        </test-method> <!-- loginUser4 -->
      </class> <!-- carrentaltests.Pr03Login -->
    </test> <!-- Test -->
  </suite> <!-- Suite -->
</testng-results>
